<?xml version="1.0" encoding="UTF-8"?>
<!-- Generated by org.testng.reporters.JUnitReportReporter -->
<testsuite skipped="0" hostname="Dell" name="com.automationpractice.testcases.VerifyPayment" tests="1" failures="0" timestamp="2020-02-10T01:04:29 IST" time="55.891" errors="0">
  <testcase name="verifyPayment" time="55.891" classname="com.automationpractice.testcases.VerifyPayment"/>
</testsuite> <!-- com.automationpractice.testcases.VerifyPayment -->
