<?xml version="1.0" encoding="UTF-8"?>
<!-- Generated by org.testng.reporters.JUnitReportReporter -->
<testsuite skipped="0" hostname="Dell" name="com.automationpractice.testcases.VerifyLogin" tests="1" failures="0" timestamp="2020-02-10T01:04:29 IST" time="25.973" errors="0">
  <testcase name="verifyLogin" time="25.973" classname="com.automationpractice.testcases.VerifyLogin"/>
</testsuite> <!-- com.automationpractice.testcases.VerifyLogin -->
