<?xml version="1.0" encoding="UTF-8"?>
<!-- Generated by org.testng.reporters.JUnitReportReporter -->
<testsuite skipped="0" hostname="Dell" name="com.automationpractice.testcases.VerifyCreateAcount" tests="1" failures="0" timestamp="2020-02-10T01:09:44 IST" time="27.899" errors="0">
  <testcase name="verifyCreateAccount" time="27.899" classname="com.automationpractice.testcases.VerifyCreateAcount"/>
</testsuite> <!-- com.automationpractice.testcases.VerifyCreateAcount -->
